  context.c
D:\dev\C++\Tiny\Tiny\vendor\GLFW\include\GLFW\glfw3.h(3167,1): warning C4819: The file contains a character that cannot be represented in the current code page (949). Save the file in Unicode format to prevent data loss
  egl_context.c
D:\dev\C++\Tiny\Tiny\vendor\GLFW\include\GLFW\glfw3.h(3167,1): warning C4819: The file contains a character that cannot be represented in the current code page (949). Save the file in Unicode format to prevent data loss
  init.c
D:\dev\C++\Tiny\Tiny\vendor\GLFW\include\GLFW\glfw3.h(3167,1): warning C4819: The file contains a character that cannot be represented in the current code page (949). Save the file in Unicode format to prevent data loss
  input.c
D:\dev\C++\Tiny\Tiny\vendor\GLFW\include\GLFW\glfw3.h(3167,1): warning C4819: The file contains a character that cannot be represented in the current code page (949). Save the file in Unicode format to prevent data loss
  monitor.c
D:\dev\C++\Tiny\Tiny\vendor\GLFW\include\GLFW\glfw3.h(3167,1): warning C4819: The file contains a character that cannot be represented in the current code page (949). Save the file in Unicode format to prevent data loss
  osmesa_context.c
D:\dev\C++\Tiny\Tiny\vendor\GLFW\include\GLFW\glfw3.h(3167,1): warning C4819: The file contains a character that cannot be represented in the current code page (949). Save the file in Unicode format to prevent data loss
  vulkan.c
D:\dev\C++\Tiny\Tiny\vendor\GLFW\include\GLFW\glfw3.h(3167,1): warning C4819: The file contains a character that cannot be represented in the current code page (949). Save the file in Unicode format to prevent data loss
  wgl_context.c
D:\dev\C++\Tiny\Tiny\vendor\GLFW\include\GLFW\glfw3.h(3167,1): warning C4819: The file contains a character that cannot be represented in the current code page (949). Save the file in Unicode format to prevent data loss
  win32_init.c
D:\dev\C++\Tiny\Tiny\vendor\GLFW\include\GLFW\glfw3.h(3167,1): warning C4819: The file contains a character that cannot be represented in the current code page (949). Save the file in Unicode format to prevent data loss
  win32_joystick.c
D:\dev\C++\Tiny\Tiny\vendor\GLFW\include\GLFW\glfw3.h(3167,1): warning C4819: The file contains a character that cannot be represented in the current code page (949). Save the file in Unicode format to prevent data loss
  win32_monitor.c
D:\dev\C++\Tiny\Tiny\vendor\GLFW\include\GLFW\glfw3.h(3167,1): warning C4819: The file contains a character that cannot be represented in the current code page (949). Save the file in Unicode format to prevent data loss
  win32_thread.c
D:\dev\C++\Tiny\Tiny\vendor\GLFW\include\GLFW\glfw3.h(3167,1): warning C4819: The file contains a character that cannot be represented in the current code page (949). Save the file in Unicode format to prevent data loss
  win32_time.c
D:\dev\C++\Tiny\Tiny\vendor\GLFW\include\GLFW\glfw3.h(3167,1): warning C4819: The file contains a character that cannot be represented in the current code page (949). Save the file in Unicode format to prevent data loss
  win32_window.c
D:\dev\C++\Tiny\Tiny\vendor\GLFW\include\GLFW\glfw3.h(3167,1): warning C4819: The file contains a character that cannot be represented in the current code page (949). Save the file in Unicode format to prevent data loss
  window.c
D:\dev\C++\Tiny\Tiny\vendor\GLFW\include\GLFW\glfw3.h(3167,1): warning C4819: The file contains a character that cannot be represented in the current code page (949). Save the file in Unicode format to prevent data loss
  Generating Code...
  GLFW.vcxproj -> D:\dev\C++\Tiny\Tiny\vendor\GLFW\bin\Debug-windows-x86_64\GLFW\GLFW.lib
